行 29: 控件 ctnMain 的类 BSkin.Container 不是一个已加载的控件类。
行 38: 控件 Container1 的类 BSkin.Container 不是一个已加载的控件类。
行 48: 控件 zTimCtn1 的类 BSkin.Timer 不是一个已加载的控件类。
行 54: 控件 ListBox1 的类 BSkin.ListBox 不是一个已加载的控件类。
行 74: 控件 Frame1 的类 BSkin.Frame 不是一个已加载的控件类。
行 97: 控件 RBox 的类 BSkin.CheckBox 不是一个已加载的控件类。
行 120: 控件 RBox 的类 BSkin.CheckBox 不是一个已加载的控件类。
行 143: 控件 RBox 的类 BSkin.CheckBox 不是一个已加载的控件类。
行 166: 控件 RBox 的类 BSkin.CheckBox 不是一个已加载的控件类。
行 189: 控件 RBox 的类 BSkin.CheckBox 不是一个已加载的控件类。
行 213: 控件 WeaponBox 的类 BSkin.ComboBox 不是一个已加载的控件类。
行 236: 控件 LevelBox 的类 BSkin.ComboBox 不是一个已加载的控件类。
行 259: 控件 LevelBox 的类 BSkin.ComboBox 不是一个已加载的控件类。
行 282: 控件 LevelBox 的类 BSkin.ComboBox 不是一个已加载的控件类。
行 305: 控件 CBox 的类 BSkin.CheckBox 不是一个已加载的控件类。
行 328: 控件 CBox 的类 BSkin.CheckBox 不是一个已加载的控件类。
行 351: 控件 CBox 的类 BSkin.CheckBox 不是一个已加载的控件类。
行 374: 控件 CBox 的类 BSkin.CheckBox 不是一个已加载的控件类。
行 397: 控件 CBox 的类 BSkin.CheckBox 不是一个已加载的控件类。
行 420: 控件 CBox 的类 BSkin.CheckBox 不是一个已加载的控件类。
行 560: 控件 AlphaImageWeap 的类 BSkin.AlphaImage 不是一个已加载的控件类。
行 637: 控件 AlphaImageChar 的类 BSkin.AlphaImage 不是一个已加载的控件类。
行 649: 控件 Container1 的类 BSkin.Container 不是一个已加载的控件类。
行 660: 控件 ScrollBar2 的类 BSkin.ScrollBar 不是一个已加载的控件类。
行 671: 控件 ContainerBox 的类 BSkin.Container 不是一个已加载的控件类。
行 680: 控件 Frame3 的类 BSkin.Frame 不是一个已加载的控件类。
行 703: 控件 CheckState 的类 BSkin.CheckBox 不是一个已加载的控件类。
行 744: 控件 CheckState 的类 BSkin.CheckBox 不是一个已加载的控件类。
行 766: 控件 CheckState 的类 BSkin.CheckBox 不是一个已加载的控件类。
行 788: 控件 CheckState 的类 BSkin.CheckBox 不是一个已加载的控件类。
行 809: 控件 CheckState 的类 BSkin.CheckBox 不是一个已加载的控件类。
行 830: 控件 CheckState 的类 BSkin.CheckBox 不是一个已加载的控件类。
行 851: 控件 CheckState 的类 BSkin.CheckBox 不是一个已加载的控件类。
行 872: 控件 CheckState 的类 BSkin.CheckBox 不是一个已加载的控件类。
行 893: 控件 CheckState 的类 BSkin.CheckBox 不是一个已加载的控件类。
行 914: 控件 CheckState 的类 BSkin.CheckBox 不是一个已加载的控件类。
行 954: 控件 CheckState 的类 BSkin.CheckBox 不是一个已加载的控件类。
行 976: 控件 CheckState 的类 BSkin.CheckBox 不是一个已加载的控件类。
行 998: 控件 CheckState 的类 BSkin.CheckBox 不是一个已加载的控件类。
行 1020: 控件 CheckState 的类 BSkin.CheckBox 不是一个已加载的控件类。
行 1061: 控件 BuffComboBox2 的类 BSkin.ComboBox 不是一个已加载的控件类。
行 1083: 控件 BuffComboBox1 的类 BSkin.ComboBox 不是一个已加载的控件类。
行 1267: 控件 Frame5 的类 BSkin.Frame 不是一个已加载的控件类。
行 1442: 控件 CheckState 的类 BSkin.CheckBox 不是一个已加载的控件类。
行 1624: 控件 Frame4 的类 BSkin.Frame 不是一个已加载的控件类。
行 1647: 控件 CheckState 的类 BSkin.CheckBox 不是一个已加载的控件类。
行 1688: 控件 CheckState 的类 BSkin.CheckBox 不是一个已加载的控件类。
行 1729: 控件 CheckState 的类 BSkin.CheckBox 不是一个已加载的控件类。
行 1751: 控件 CheckState 的类 BSkin.CheckBox 不是一个已加载的控件类。
行 1773: 控件 CheckState 的类 BSkin.CheckBox 不是一个已加载的控件类。
行 1795: 控件 CheckState 的类 BSkin.CheckBox 不是一个已加载的控件类。
行 1836: 控件 CheckState 的类 BSkin.CheckBox 不是一个已加载的控件类。
行 1858: 控件 CheckState 的类 BSkin.CheckBox 不是一个已加载的控件类。
行 1899: 控件 CheckState 的类 BSkin.CheckBox 不是一个已加载的控件类。
行 1921: 控件 CheckState 的类 BSkin.CheckBox 不是一个已加载的控件类。
行 1943: 控件 CheckState 的类 BSkin.CheckBox 不是一个已加载的控件类。
行 1965: 控件 CheckState 的类 BSkin.CheckBox 不是一个已加载的控件类。
行 1987: 控件 CheckState 的类 BSkin.CheckBox 不是一个已加载的控件类。
行 2009: 控件 CheckState 的类 BSkin.CheckBox 不是一个已加载的控件类。
行 2031: 控件 CheckState 的类 BSkin.CheckBox 不是一个已加载的控件类。
行 2053: 控件 CheckState 的类 BSkin.CheckBox 不是一个已加载的控件类。
行 2094: 控件 CheckState 的类 BSkin.CheckBox 不是一个已加载的控件类。
行 2116: 控件 CheckState 的类 BSkin.CheckBox 不是一个已加载的控件类。
行 2157: 控件 CheckState 的类 BSkin.CheckBox 不是一个已加载的控件类。
行 2179: 控件 CheckState 的类 BSkin.CheckBox 不是一个已加载的控件类。
行 2201: 控件 CheckState 的类 BSkin.CheckBox 不是一个已加载的控件类。
行 2223: 控件 CheckState 的类 BSkin.CheckBox 不是一个已加载的控件类。
行 2245: 控件 CheckState 的类 BSkin.CheckBox 不是一个已加载的控件类。
行 2267: 控件 CheckState 的类 BSkin.CheckBox 不是一个已加载的控件类。
行 2289: 控件 CheckState 的类 BSkin.CheckBox 不是一个已加载的控件类。
行 2674: 控件 Container1 的类 BSkin.Container 不是一个已加载的控件类。
行 2694: 控件 Container1 的类 BSkin.Container 不是一个已加载的控件类。
行 2705: 控件 ScrollBar1 的类 BSkin.ScrollBar 不是一个已加载的控件类。
行 2717: 控件 CommandButton2 的类 BSkin.CommandButton 不是一个已加载的控件类。
行 2736: 控件 Container2 的类 BSkin.Container 不是一个已加载的控件类。
行 2744: 控件 Frame2 的类 BSkin.Frame 不是一个已加载的控件类。
行 2767: 控件 Container3 的类 BSkin.Container 不是一个已加载的控件类。
行 2776: 控件 CommandButton3 的类 BSkin.CommandButton 不是一个已加载的控件类。
行 2795: 控件 SetSelectBox 的类 BSkin.ComboBox 不是一个已加载的控件类。
行 2818: 控件 SetSelectBox 的类 BSkin.ComboBox 不是一个已加载的控件类。
行 2879: 控件 ShowBox 的类 BSkin.Container 不是一个已加载的控件类。
行 2977: 控件 SetBox 的类 BSkin.Container 不是一个已加载的控件类。
行 2987: 控件 SetBox2 的类 BSkin.Container 不是一个已加载的控件类。
行 3130: 控件 SetCombo3 的类 BSkin.ComboBox 不是一个已加载的控件类。
行 3153: 控件 SetCombo2 的类 BSkin.ComboBox 不是一个已加载的控件类。
行 3176: 控件 SetCombo1 的类 BSkin.ComboBox 不是一个已加载的控件类。
行 3300: 控件 SetSwitch 的类 BSkin.Switch 不是一个已加载的控件类。
行 3311: 控件 SetPic5 的类 BSkin.AlphaImage 不是一个已加载的控件类。
行 3353: 控件 SetPic4 的类 BSkin.AlphaImage 不是一个已加载的控件类。
行 3364: 控件 SetPic3 的类 BSkin.AlphaImage 不是一个已加载的控件类。
行 3375: 控件 SetPic2 的类 BSkin.AlphaImage 不是一个已加载的控件类。
行 3386: 控件 SetPic1 的类 BSkin.AlphaImage 不是一个已加载的控件类。
行 3430: 控件 CommandButton1 的类 BSkin.CommandButton 不是一个已加载的控件类。
行 3449: 控件 Tray1 的类 BSkin.Tray 不是一个已加载的控件类。
行 3457: 控件 pngMenu 的类 BSkin.AlphaImage 不是一个已加载的控件类。
行 3467: 控件 pngPowered 的类 BSkin.AlphaImage 不是一个已加载的控件类。
行 3490: 控件 pngTab 的类 BSkin.AlphaImage 不是一个已加载的控件类。
行 3514: 控件 pngTab 的类 BSkin.AlphaImage 不是一个已加载的控件类。
行 3538: 控件 pngTab 的类 BSkin.AlphaImage 不是一个已加载的控件类。
行 3562: 控件 AlphaImage1 的类 BSkin.AlphaImage 不是一个已加载的控件类。
行 3572: 控件 pngTab 的类 BSkin.AlphaImage 不是一个已加载的控件类。
行 3583: 控件 pngMinimize 的类 BSkin.AlphaImage 不是一个已加载的控件类。
行 3593: 控件 pngMinimizeBG 的类 BSkin.AlphaImage 不是一个已加载的控件类。
行 3603: 控件 pngClose 的类 BSkin.AlphaImage 不是一个已加载的控件类。
行 3613: 控件 pngCloseBG 的类 BSkin.AlphaImage 不是一个已加载的控件类。
行 3643: 控件 pngLogo 的类 BSkin.AlphaImage 不是一个已加载的控件类。
行 3662: 控件 pngMain 的类 BSkin.AlphaImage 不是一个已加载的控件类。
行 35: 属性名 _ExtentX 在 ctnMain 中是无效的。
行 36: 属性名 _ExtentY 在 ctnMain 中是无效的。
行 45: 属性名 _ExtentX 在 Container1 中是无效的。
行 46: 属性名 _ExtentY 在 Container1 中是无效的。
行 51: 属性名 _ExtentX 在 zTimCtn1 中是无效的。
行 52: 属性名 _ExtentY 在 zTimCtn1 中是无效的。
行 60: 属性名 _ExtentX 在 ListBox1 中是无效的。
行 61: 属性名 _ExtentY 在 ListBox1 中是无效的。
行 62: 属性名 SelectBackColor 在 ListBox1 中是无效的。
行 63: 属性名 SelectForeColor 在 ListBox1 中是无效的。
行 80: 属性名 _ExtentX 在 Frame1 中是无效的。
行 81: 属性名 _ExtentY 在 Frame1 中是无效的。
行 82: 属性名 Orientation 在 Frame1 中是无效的。
行 84: 属性名 ColorGradient2 在 Frame1 中是无效的。
行 85: 属性名 ShowIcon 在 Frame1 中是无效的。
行 86: 属性名 Caption 在 Frame1 中是无效的。
行 87: 属性名 Icon 在 Frame1 中是无效的。
行 104: 属性名 _ExtentX 在 RBox 中是无效的。
行 105: 属性名 _ExtentY 在 RBox 中是无效的。
行 115: 属性名 Value 在 RBox 中是无效的。
行 116: 属性名 Caption 在 RBox 中是无效的。
行 127: 属性名 _ExtentX 在 RBox 中是无效的。
行 128: 属性名 _ExtentY 在 RBox 中是无效的。
行 138: 属性名 Value 在 RBox 中是无效的。
行 139: 属性名 Caption 在 RBox 中是无效的。
行 150: 属性名 _ExtentX 在 RBox 中是无效的。
行 151: 属性名 _ExtentY 在 RBox 中是无效的。
行 161: 属性名 Value 在 RBox 中是无效的。
行 162: 属性名 Caption 在 RBox 中是无效的。
行 173: 属性名 _ExtentX 在 RBox 中是无效的。
行 174: 属性名 _ExtentY 在 RBox 中是无效的。
行 184: 属性名 Value 在 RBox 中是无效的。
行 185: 属性名 Caption 在 RBox 中是无效的。
行 196: 属性名 _ExtentX 在 RBox 中是无效的。
行 197: 属性名 _ExtentY 在 RBox 中是无效的。
行 207: 属性名 Value 在 RBox 中是无效的。
行 208: 属性名 Caption 在 RBox 中是无效的。
行 219: 属性名 _ExtentX 在 WeaponBox 中是无效的。
行 220: 属性名 _ExtentY 在 WeaponBox 中是无效的。
行 221: 属性名 Alignment 在 WeaponBox 中是无效的。
行 231: 属性名 MaxListLength 在 WeaponBox 中是无效的。
行 232: 属性名 NumberItemsToShow 在 WeaponBox 中是无效的。
行 233: 属性名 ShadowColorText 在 WeaponBox 中是无效的。
行 234: 属性名 Text 在 WeaponBox 中是无效的。
行 243: 属性名 _ExtentX 在 LevelBox 中是无效的。
行 244: 属性名 _ExtentY 在 LevelBox 中是无效的。
行 254: 属性名 MaxListLength 在 LevelBox 中是无效的。
行 255: 属性名 NumberItemsToShow 在 LevelBox 中是无效的。
行 256: 属性名 ShadowColorText 在 LevelBox 中是无效的。
行 257: 属性名 Text 在 LevelBox 中是无效的。
行 266: 属性名 _ExtentX 在 LevelBox 中是无效的。
行 267: 属性名 _ExtentY 在 LevelBox 中是无效的。
行 277: 属性名 MaxListLength 在 LevelBox 中是无效的。
行 278: 属性名 NumberItemsToShow 在 LevelBox 中是无效的。
行 279: 属性名 ShadowColorText 在 LevelBox 中是无效的。
行 280: 属性名 Text 在 LevelBox 中是无效的。
行 289: 属性名 _ExtentX 在 LevelBox 中是无效的。
行 290: 属性名 _ExtentY 在 LevelBox 中是无效的。
行 300: 属性名 MaxListLength 在 LevelBox 中是无效的。
行 301: 属性名 NumberItemsToShow 在 LevelBox 中是无效的。
行 302: 属性名 ShadowColorText 在 LevelBox 中是无效的。
行 303: 属性名 Text 在 LevelBox 中是无效的。
行 312: 属性名 _ExtentX 在 CBox 中是无效的。
行 313: 属性名 _ExtentY 在 CBox 中是无效的。
行 323: 属性名 Value 在 CBox 中是无效的。
行 324: 属性名 Caption 在 CBox 中是无效的。
行 335: 属性名 _ExtentX 在 CBox 中是无效的。
行 336: 属性名 _ExtentY 在 CBox 中是无效的。
行 346: 属性名 Value 在 CBox 中是无效的。
行 347: 属性名 Caption 在 CBox 中是无效的。
行 358: 属性名 _ExtentX 在 CBox 中是无效的。
行 359: 属性名 _ExtentY 在 CBox 中是无效的。
行 369: 属性名 Value 在 CBox 中是无效的。
行 370: 属性名 Caption 在 CBox 中是无效的。
行 381: 属性名 _ExtentX 在 CBox 中是无效的。
行 382: 属性名 _ExtentY 在 CBox 中是无效的。
行 392: 属性名 Value 在 CBox 中是无效的。
行 393: 属性名 Caption 在 CBox 中是无效的。
行 404: 属性名 _ExtentX 在 CBox 中是无效的。
行 405: 属性名 _ExtentY 在 CBox 中是无效的。
行 415: 属性名 Value 在 CBox 中是无效的。
行 416: 属性名 Caption 在 CBox 中是无效的。
行 427: 属性名 _ExtentX 在 CBox 中是无效的。
行 428: 属性名 _ExtentY 在 CBox 中是无效的。
行 438: 属性名 Value 在 CBox 中是无效的。
行 439: 属性名 Caption 在 CBox 中是无效的。
行 565: 属性名 _ExtentX 在 AlphaImageWeap 中是无效的。
行 566: 属性名 _ExtentY 在 AlphaImageWeap 中是无效的。
行 567: 属性名 Image 在 AlphaImageWeap 中是无效的。
行 568: 属性名 Props 在 AlphaImageWeap 中是无效的。
行 642: 属性名 _ExtentX 在 AlphaImageChar 中是无效的。
行 643: 属性名 _ExtentY 在 AlphaImageChar 中是无效的。
行 644: 属性名 Image 在 AlphaImageChar 中是无效的。
行 645: 属性名 Props 在 AlphaImageChar 中是无效的。
行 657: 属性名 _ExtentX 在 Container1 中是无效的。
行 658: 属性名 _ExtentY 在 Container1 中是无效的。
行 666: 属性名 _ExtentX 在 ScrollBar2 中是无效的。
行 667: 属性名 _ExtentY 在 ScrollBar2 中是无效的。
行 668: 属性名 Max 在 ScrollBar2 中是无效的。
行 669: 属性名 Speed 在 ScrollBar2 中是无效的。
行 678: 属性名 _ExtentX 在 ContainerBox 中是无效的。
行 679: 属性名 _ExtentY 在 ContainerBox 中是无效的。
行 686: 属性名 _ExtentX 在 Frame3 中是无效的。
行 687: 属性名 _ExtentY 在 Frame3 中是无效的。
行 688: 属性名 Orientation 在 Frame3 中是无效的。
行 690: 属性名 ColorGradient2 在 Frame3 中是无效的。
行 691: 属性名 Caption 在 Frame3 中是无效的。
行 692: 属性名 Icon 在 Frame3 中是无效的。
行 711: 属性名 _ExtentX 在 CheckState 中是无效的。
行 712: 属性名 _ExtentY 在 CheckState 中是无效的。
行 722: 属性名 Caption 在 CheckState 中是无效的。
行 752: 属性名 _ExtentX 在 CheckState 中是无效的。
行 753: 属性名 _ExtentY 在 CheckState 中是无效的。
行 763: 属性名 Caption 在 CheckState 中是无效的。
行 774: 属性名 _ExtentX 在 CheckState 中是无效的。
行 775: 属性名 _ExtentY 在 CheckState 中是无效的。
行 785: 属性名 Caption 在 CheckState 中是无效的。
行 795: 属性名 _ExtentX 在 CheckState 中是无效的。
行 796: 属性名 _ExtentY 在 CheckState 中是无效的。
行 806: 属性名 Caption 在 CheckState 中是无效的。
行 816: 属性名 _ExtentX 在 CheckState 中是无效的。
行 817: 属性名 _ExtentY 在 CheckState 中是无效的。
行 827: 属性名 Caption 在 CheckState 中是无效的。
行 837: 属性名 _ExtentX 在 CheckState 中是无效的。
行 838: 属性名 _ExtentY 在 CheckState 中是无效的。
行 848: 属性名 Caption 在 CheckState 中是无效的。
行 858: 属性名 _ExtentX 在 CheckState 中是无效的。
行 859: 属性名 _ExtentY 在 CheckState 中是无效的。
行 869: 属性名 Caption 在 CheckState 中是无效的。
行 879: 属性名 _ExtentX 在 CheckState 中是无效的。
行 880: 属性名 _ExtentY 在 CheckState 中是无效的。
行 890: 属性名 Caption 在 CheckState 中是无效的。
行 900: 属性名 _ExtentX 在 CheckState 中是无效的。
行 901: 属性名 _ExtentY 在 CheckState 中是无效的。
行 911: 属性名 Caption 在 CheckState 中是无效的。
行 921: 属性名 _ExtentX 在 CheckState 中是无效的。
行 922: 属性名 _ExtentY 在 CheckState 中是无效的。
行 932: 属性名 Caption 在 CheckState 中是无效的。
行 962: 属性名 _ExtentX 在 CheckState 中是无效的。
行 963: 属性名 _ExtentY 在 CheckState 中是无效的。
行 973: 属性名 Caption 在 CheckState 中是无效的。
行 984: 属性名 _ExtentX 在 CheckState 中是无效的。
行 985: 属性名 _ExtentY 在 CheckState 中是无效的。
行 995: 属性名 Caption 在 CheckState 中是无效的。
行 1006: 属性名 _ExtentX 在 CheckState 中是无效的。
行 1007: 属性名 _ExtentY 在 CheckState 中是无效的。
行 1017: 属性名 Caption 在 CheckState 中是无效的。
行 1027: 属性名 _ExtentX 在 CheckState 中是无效的。
行 1028: 属性名 _ExtentY 在 CheckState 中是无效的。
行 1038: 属性名 Value 在 CheckState 中是无效的。
行 1039: 属性名 Caption 在 CheckState 中是无效的。
行 1067: 属性名 _ExtentX 在 BuffComboBox2 中是无效的。
行 1068: 属性名 _ExtentY 在 BuffComboBox2 中是无效的。
行 1078: 属性名 MaxListLength 在 BuffComboBox2 中是无效的。
行 1079: 属性名 NumberItemsToShow 在 BuffComboBox2 中是无效的。
行 1080: 属性名 ShadowColorText 在 BuffComboBox2 中是无效的。
行 1081: 属性名 Text 在 BuffComboBox2 中是无效的。
行 1089: 属性名 _ExtentX 在 BuffComboBox1 中是无效的。
行 1090: 属性名 _ExtentY 在 BuffComboBox1 中是无效的。
行 1100: 属性名 MaxListLength 在 BuffComboBox1 中是无效的。
行 1101: 属性名 NumberItemsToShow 在 BuffComboBox1 中是无效的。
行 1102: 属性名 ShadowColorText 在 BuffComboBox1 中是无效的。
行 1103: 属性名 Text 在 BuffComboBox1 中是无效的。
行 1273: 属性名 _ExtentX 在 Frame5 中是无效的。
行 1274: 属性名 _ExtentY 在 Frame5 中是无效的。
行 1275: 属性名 Orientation 在 Frame5 中是无效的。
行 1277: 属性名 ColorGradient2 在 Frame5 中是无效的。
行 1278: 属性名 Caption 在 Frame5 中是无效的。
行 1279: 属性名 Icon 在 Frame5 中是无效的。
行 1449: 属性名 _ExtentX 在 CheckState 中是无效的。
行 1450: 属性名 _ExtentY 在 CheckState 中是无效的。
行 1460: 属性名 Caption 在 CheckState 中是无效的。
行 1630: 属性名 _ExtentX 在 Frame4 中是无效的。
行 1631: 属性名 _ExtentY 在 Frame4 中是无效的。
行 1632: 属性名 Orientation 在 Frame4 中是无效的。
行 1634: 属性名 ColorGradient2 在 Frame4 中是无效的。
行 1635: 属性名 Caption 在 Frame4 中是无效的。
行 1636: 属性名 Icon 在 Frame4 中是无效的。
行 1655: 属性名 _ExtentX 在 CheckState 中是无效的。
行 1656: 属性名 _ExtentY 在 CheckState 中是无效的。
行 1666: 属性名 Caption 在 CheckState 中是无效的。
行 1696: 属性名 _ExtentX 在 CheckState 中是无效的。
行 1697: 属性名 _ExtentY 在 CheckState 中是无效的。
行 1707: 属性名 Caption 在 CheckState 中是无效的。
行 1737: 属性名 _ExtentX 在 CheckState 中是无效的。
行 1738: 属性名 _ExtentY 在 CheckState 中是无效的。
行 1748: 属性名 Caption 在 CheckState 中是无效的。
行 1759: 属性名 _ExtentX 在 CheckState 中是无效的。
行 1760: 属性名 _ExtentY 在 CheckState 中是无效的。
行 1770: 属性名 Caption 在 CheckState 中是无效的。
行 1781: 属性名 _ExtentX 在 CheckState 中是无效的。
行 1782: 属性名 _ExtentY 在 CheckState 中是无效的。
行 1792: 属性名 Caption 在 CheckState 中是无效的。
行 1803: 属性名 _ExtentX 在 CheckState 中是无效的。
行 1804: 属性名 _ExtentY 在 CheckState 中是无效的。
行 1814: 属性名 Caption 在 CheckState 中是无效的。
行 1844: 属性名 _ExtentX 在 CheckState 中是无效的。
行 1845: 属性名 _ExtentY 在 CheckState 中是无效的。
行 1855: 属性名 Caption 在 CheckState 中是无效的。
行 1866: 属性名 _ExtentX 在 CheckState 中是无效的。
行 1867: 属性名 _ExtentY 在 CheckState 中是无效的。
行 1877: 属性名 Caption 在 CheckState 中是无效的。
行 1907: 属性名 _ExtentX 在 CheckState 中是无效的。
行 1908: 属性名 _ExtentY 在 CheckState 中是无效的。
行 1918: 属性名 Caption 在 CheckState 中是无效的。
行 1929: 属性名 _ExtentX 在 CheckState 中是无效的。
行 1930: 属性名 _ExtentY 在 CheckState 中是无效的。
行 1940: 属性名 Caption 在 CheckState 中是无效的。
行 1951: 属性名 _ExtentX 在 CheckState 中是无效的。
行 1952: 属性名 _ExtentY 在 CheckState 中是无效的。
行 1962: 属性名 Caption 在 CheckState 中是无效的。
行 1973: 属性名 _ExtentX 在 CheckState 中是无效的。
行 1974: 属性名 _ExtentY 在 CheckState 中是无效的。
行 1984: 属性名 Caption 在 CheckState 中是无效的。
行 1995: 属性名 _ExtentX 在 CheckState 中是无效的。
行 1996: 属性名 _ExtentY 在 CheckState 中是无效的。
行 2006: 属性名 Caption 在 CheckState 中是无效的。
行 2017: 属性名 _ExtentX 在 CheckState 中是无效的。
行 2018: 属性名 _ExtentY 在 CheckState 中是无效的。
行 2028: 属性名 Caption 在 CheckState 中是无效的。
行 2039: 属性名 _ExtentX 在 CheckState 中是无效的。
行 2040: 属性名 _ExtentY 在 CheckState 中是无效的。
行 2050: 属性名 Caption 在 CheckState 中是无效的。
行 2061: 属性名 _ExtentX 在 CheckState 中是无效的。
行 2062: 属性名 _ExtentY 在 CheckState 中是无效的。
行 2072: 属性名 Caption 在 CheckState 中是无效的。
行 2102: 属性名 _ExtentX 在 CheckState 中是无效的。
行 2103: 属性名 _ExtentY 在 CheckState 中是无效的。
行 2113: 属性名 Caption 在 CheckState 中是无效的。
行 2124: 属性名 _ExtentX 在 CheckState 中是无效的。
行 2125: 属性名 _ExtentY 在 CheckState 中是无效的。
行 2135: 属性名 Caption 在 CheckState 中是无效的。
行 2165: 属性名 _ExtentX 在 CheckState 中是无效的。
行 2166: 属性名 _ExtentY 在 CheckState 中是无效的。
行 2176: 属性名 Caption 在 CheckState 中是无效的。
行 2187: 属性名 _ExtentX 在 CheckState 中是无效的。
行 2188: 属性名 _ExtentY 在 CheckState 中是无效的。
行 2198: 属性名 Caption 在 CheckState 中是无效的。
行 2209: 属性名 _ExtentX 在 CheckState 中是无效的。
行 2210: 属性名 _ExtentY 在 CheckState 中是无效的。
行 2220: 属性名 Caption 在 CheckState 中是无效的。
行 2231: 属性名 _ExtentX 在 CheckState 中是无效的。
行 2232: 属性名 _ExtentY 在 CheckState 中是无效的。
行 2242: 属性名 Caption 在 CheckState 中是无效的。
行 2253: 属性名 _ExtentX 在 CheckState 中是无效的。
行 2254: 属性名 _ExtentY 在 CheckState 中是无效的。
行 2264: 属性名 Caption 在 CheckState 中是无效的。
行 2275: 属性名 _ExtentX 在 CheckState 中是无效的。
行 2276: 属性名 _ExtentY 在 CheckState 中是无效的。
行 2286: 属性名 Caption 在 CheckState 中是无效的。
行 2297: 属性名 _ExtentX 在 CheckState 中是无效的。
行 2298: 属性名 _ExtentY 在 CheckState 中是无效的。
行 2308: 属性名 Caption 在 CheckState 中是无效的。
行 2682: 属性名 _ExtentX 在 Container1 中是无效的。
行 2683: 属性名 _ExtentY 在 Container1 中是无效的。
行 2702: 属性名 _ExtentX 在 Container1 中是无效的。
行 2703: 属性名 _ExtentY 在 Container1 中是无效的。
行 2712: 属性名 _ExtentX 在 ScrollBar1 中是无效的。
行 2713: 属性名 _ExtentY 在 ScrollBar1 中是无效的。
行 2714: 属性名 Max 在 ScrollBar1 中是无效的。
行 2715: 属性名 Speed 在 ScrollBar1 中是无效的。
行 2723: 属性名 _ExtentX 在 CommandButton2 中是无效的。
行 2724: 属性名 _ExtentY 在 CommandButton2 中是无效的。
行 2725: 属性名 Text 在 CommandButton2 中是无效的。
行 2742: 属性名 _ExtentX 在 Container2 中是无效的。
行 2743: 属性名 _ExtentY 在 Container2 中是无效的。
行 2750: 属性名 _ExtentX 在 Frame2 中是无效的。
行 2751: 属性名 _ExtentY 在 Frame2 中是无效的。
行 2752: 属性名 Orientation 在 Frame2 中是无效的。
行 2754: 属性名 ColorGradient2 在 Frame2 中是无效的。
行 2755: 属性名 Caption 在 Frame2 中是无效的。
行 2756: 属性名 Icon 在 Frame2 中是无效的。
行 2774: 属性名 _ExtentX 在 Container3 中是无效的。
行 2775: 属性名 _ExtentY 在 Container3 中是无效的。
行 2782: 属性名 _ExtentX 在 CommandButton3 中是无效的。
行 2783: 属性名 _ExtentY 在 CommandButton3 中是无效的。
行 2784: 属性名 Text 在 CommandButton3 中是无效的。
行 2802: 属性名 _ExtentX 在 SetSelectBox 中是无效的。
行 2803: 属性名 _ExtentY 在 SetSelectBox 中是无效的。
行 2813: 属性名 MaxListLength 在 SetSelectBox 中是无效的。
行 2814: 属性名 NumberItemsToShow 在 SetSelectBox 中是无效的。
行 2815: 属性名 ShadowColorText 在 SetSelectBox 中是无效的。
行 2816: 属性名 Text 在 SetSelectBox 中是无效的。
行 2825: 属性名 _ExtentX 在 SetSelectBox 中是无效的。
行 2826: 属性名 _ExtentY 在 SetSelectBox 中是无效的。
行 2836: 属性名 MaxListLength 在 SetSelectBox 中是无效的。
行 2837: 属性名 NumberItemsToShow 在 SetSelectBox 中是无效的。
行 2838: 属性名 ShadowColorText 在 SetSelectBox 中是无效的。
行 2839: 属性名 Text 在 SetSelectBox 中是无效的。
行 2886: 属性名 _ExtentX 在 ShowBox 中是无效的。
行 2887: 属性名 _ExtentY 在 ShowBox 中是无效的。
行 2985: 属性名 _ExtentX 在 SetBox 中是无效的。
行 2986: 属性名 _ExtentY 在 SetBox 中是无效的。
行 2995: 属性名 _ExtentX 在 SetBox2 中是无效的。
行 2996: 属性名 _ExtentY 在 SetBox2 中是无效的。
行 3137: 属性名 _ExtentX 在 SetCombo3 中是无效的。
行 3138: 属性名 _ExtentY 在 SetCombo3 中是无效的。
行 3148: 属性名 MaxListLength 在 SetCombo3 中是无效的。
行 3149: 属性名 NumberItemsToShow 在 SetCombo3 中是无效的。
行 3150: 属性名 ShadowColorText 在 SetCombo3 中是无效的。
行 3151: 属性名 Text 在 SetCombo3 中是无效的。
行 3160: 属性名 _ExtentX 在 SetCombo2 中是无效的。
行 3161: 属性名 _ExtentY 在 SetCombo2 中是无效的。
行 3171: 属性名 MaxListLength 在 SetCombo2 中是无效的。
行 3172: 属性名 NumberItemsToShow 在 SetCombo2 中是无效的。
行 3173: 属性名 ShadowColorText 在 SetCombo2 中是无效的。
行 3174: 属性名 Text 在 SetCombo2 中是无效的。
行 3183: 属性名 _ExtentX 在 SetCombo1 中是无效的。
行 3184: 属性名 _ExtentY 在 SetCombo1 中是无效的。
行 3194: 属性名 MaxListLength 在 SetCombo1 中是无效的。
行 3195: 属性名 NumberItemsToShow 在 SetCombo1 中是无效的。
行 3196: 属性名 ShadowColorText 在 SetCombo1 中是无效的。
行 3197: 属性名 Text 在 SetCombo1 中是无效的。
行 3307: 属性名 _ExtentX 在 SetSwitch 中是无效的。
行 3308: 属性名 _ExtentY 在 SetSwitch 中是无效的。
行 3309: 属性名 skin 在 SetSwitch 中是无效的。
行 3317: 属性名 _ExtentX 在 SetPic5 中是无效的。
行 3318: 属性名 _ExtentY 在 SetPic5 中是无效的。
行 3319: 属性名 Image 在 SetPic5 中是无效的。
行 3320: 属性名 Props 在 SetPic5 中是无效的。
行 3359: 属性名 _ExtentX 在 SetPic4 中是无效的。
行 3360: 属性名 _ExtentY 在 SetPic4 中是无效的。
行 3361: 属性名 Image 在 SetPic4 中是无效的。
行 3362: 属性名 Props 在 SetPic4 中是无效的。
行 3370: 属性名 _ExtentX 在 SetPic3 中是无效的。
行 3371: 属性名 _ExtentY 在 SetPic3 中是无效的。
行 3372: 属性名 Image 在 SetPic3 中是无效的。
行 3373: 属性名 Props 在 SetPic3 中是无效的。
行 3381: 属性名 _ExtentX 在 SetPic2 中是无效的。
行 3382: 属性名 _ExtentY 在 SetPic2 中是无效的。
行 3383: 属性名 Image 在 SetPic2 中是无效的。
行 3384: 属性名 Props 在 SetPic2 中是无效的。
行 3392: 属性名 _ExtentX 在 SetPic1 中是无效的。
行 3393: 属性名 _ExtentY 在 SetPic1 中是无效的。
行 3394: 属性名 Image 在 SetPic1 中是无效的。
行 3395: 属性名 Props 在 SetPic1 中是无效的。
行 3436: 属性名 _ExtentX 在 CommandButton1 中是无效的。
行 3437: 属性名 _ExtentY 在 CommandButton1 中是无效的。
行 3438: 属性名 Text 在 CommandButton1 中是无效的。
行 3452: 属性名 _ExtentX 在 Tray1 中是无效的。
行 3453: 属性名 _ExtentY 在 Tray1 中是无效的。
行 3454: 属性名 PictureIcon 在 Tray1 中是无效的。
行 3462: 属性名 _ExtentX 在 pngMenu 中是无效的。
行 3463: 属性名 _ExtentY 在 pngMenu 中是无效的。
行 3464: 属性名 Image 在 pngMenu 中是无效的。
行 3465: 属性名 Props 在 pngMenu 中是无效的。
行 3472: 属性名 _ExtentX 在 pngPowered 中是无效的。
行 3473: 属性名 _ExtentY 在 pngPowered 中是无效的。
行 3474: 属性名 Image 在 pngPowered 中是无效的。
行 3475: 属性名 Props 在 pngPowered 中是无效的。
行 3496: 属性名 _ExtentX 在 pngTab 中是无效的。
行 3497: 属性名 _ExtentY 在 pngTab 中是无效的。
行 3498: 属性名 Image 在 pngTab 中是无效的。
行 3499: 属性名 Props 在 pngTab 中是无效的。
行 3520: 属性名 _ExtentX 在 pngTab 中是无效的。
行 3521: 属性名 _ExtentY 在 pngTab 中是无效的。
行 3522: 属性名 Image 在 pngTab 中是无效的。
行 3523: 属性名 Props 在 pngTab 中是无效的。
行 3544: 属性名 _ExtentX 在 pngTab 中是无效的。
行 3545: 属性名 _ExtentY 在 pngTab 中是无效的。
行 3546: 属性名 Image 在 pngTab 中是无效的。
行 3547: 属性名 Props 在 pngTab 中是无效的。
行 3567: 属性名 _ExtentX 在 AlphaImage1 中是无效的。
行 3568: 属性名 _ExtentY 在 AlphaImage1 中是无效的。
行 3569: 属性名 Image 在 AlphaImage1 中是无效的。
行 3570: 属性名 Props 在 AlphaImage1 中是无效的。
行 3578: 属性名 _ExtentX 在 pngTab 中是无效的。
行 3579: 属性名 _ExtentY 在 pngTab 中是无效的。
行 3580: 属性名 Image 在 pngTab 中是无效的。
行 3581: 属性名 Props 在 pngTab 中是无效的。
行 3588: 属性名 _ExtentX 在 pngMinimize 中是无效的。
行 3589: 属性名 _ExtentY 在 pngMinimize 中是无效的。
行 3590: 属性名 Image 在 pngMinimize 中是无效的。
行 3591: 属性名 Props 在 pngMinimize 中是无效的。
行 3598: 属性名 _ExtentX 在 pngMinimizeBG 中是无效的。
行 3599: 属性名 _ExtentY 在 pngMinimizeBG 中是无效的。
行 3600: 属性名 Image 在 pngMinimizeBG 中是无效的。
行 3601: 属性名 Props 在 pngMinimizeBG 中是无效的。
行 3608: 属性名 _ExtentX 在 pngClose 中是无效的。
行 3609: 属性名 _ExtentY 在 pngClose 中是无效的。
行 3610: 属性名 Image 在 pngClose 中是无效的。
行 3611: 属性名 Props 在 pngClose 中是无效的。
行 3618: 属性名 _ExtentX 在 pngCloseBG 中是无效的。
行 3619: 属性名 _ExtentY 在 pngCloseBG 中是无效的。
行 3620: 属性名 Image 在 pngCloseBG 中是无效的。
行 3621: 属性名 Props 在 pngCloseBG 中是无效的。
行 3648: 属性名 _ExtentX 在 pngLogo 中是无效的。
行 3649: 属性名 _ExtentY 在 pngLogo 中是无效的。
行 3650: 属性名 Image 在 pngLogo 中是无效的。
行 3651: 属性名 Props 在 pngLogo 中是无效的。
行 3667: 属性名 _ExtentX 在 pngMain 中是无效的。
行 3668: 属性名 _ExtentY 在 pngMain 中是无效的。
行 3669: 属性名 Image 在 pngMain 中是无效的。
行 3670: 属性名 Props 在 pngMain 中是无效的。
